# JRE version: Java(TM) SE Runtime Environment (8.0_45-b14) (build 1.8.0_45-b14)
# Java VM: Java HotSpot(TM) 64-Bit Server VM (25.45-b02 mixed mode bsd-amd64 compressed oops)
Heap:
 PSYoungGen      total 20480K, used 2610K [0x00000007aab00000, 0x00000007ac380000, 0x00000007c0000000)
  eden space 15872K, 16% used [0x00000007aab00000,0x00000007aad7cb10,0x00000007aba80000)
  from space 4608K, 1% used [0x00000007abf00000,0x00000007abf10000,0x00000007ac380000)
  to   space 4608K, 0% used [0x00000007aba80000,0x00000007aba80000,0x00000007abf00000)
 ParOldGen       total 44032K, used 7219K [0x0000000780000000, 0x0000000782b00000, 0x00000007aab00000)
  object space 44032K, 16% used [0x0000000780000000,0x000000078070ce08,0x0000000782b00000)
 Metaspace       used 15884K, capacity 16848K, committed 17024K, reserved 1062912K
  class space    used 2349K, capacity 2566K, committed 2688K, reserved 1048576K
GC Heap History (10 events):
Event: 4233.887 GC heap before
{Heap before GC invocations=16 (full 0):
 PSYoungGen      total 16384K, used 15936K [0x00000007aab00000, 0x00000007ac580000, 0x00000007c0000000)
  eden space 15872K, 100% used [0x00000007aab00000,0x00000007aba80000,0x00000007aba80000)
  from space 512K, 12% used [0x00000007aba80000,0x00000007aba90000,0x00000007abb00000)
  to   space 5632K, 0% used [0x00000007ac000000,0x00000007ac000000,0x00000007ac580000)
 ParOldGen       total 44032K, used 7219K [0x0000000780000000, 0x0000000782b00000, 0x00000007aab00000)
  object space 44032K, 16% used [0x0000000780000000,0x000000078070ce08,0x0000000782b00000)
 Metaspace       used 15812K, capacity 16780K, committed 16896K, reserved 1062912K
  class space    used 2338K, capacity 2552K, committed 2560K, reserved 1048576K
Event: 4234.189 GC heap after
Heap after GC invocations=16 (full 0):
 PSYoungGen      total 21504K, used 96K [0x00000007aab00000, 0x00000007ac580000, 0x00000007c0000000)
  eden space 15872K, 0% used [0x00000007aab00000,0x00000007aab00000,0x00000007aba80000)
  from space 5632K, 1% used [0x00000007ac000000,0x00000007ac018000,0x00000007ac580000)
  to   space 5632K, 0% used [0x00000007aba80000,0x00000007aba80000,0x00000007ac000000)
 ParOldGen       total 44032K, used 7219K [0x0000000780000000, 0x0000000782b00000, 0x00000007aab00000)
  object space 44032K, 16% used [0x0000000780000000,0x000000078070ce08,0x0000000782b00000)
 Metaspace       used 15812K, capacity 16780K, committed 16896K, reserved 1062912K
  class space    used 2338K, capacity 2552K, committed 2560K, reserved 1048576K
}
Event: 4513.449 GC heap before
{Heap before GC invocations=17 (full 0):
 PSYoungGen      total 21504K, used 15968K [0x00000007aab00000, 0x00000007ac580000, 0x00000007c0000000)
  eden space 15872K, 100% used [0x00000007aab00000,0x00000007aba80000,0x00000007aba80000)
  from space 5632K, 1% used [0x00000007ac000000,0x00000007ac018000,0x00000007ac580000)
  to   space 5632K, 0% used [0x00000007aba80000,0x00000007aba80000,0x00000007ac000000)
 ParOldGen       total 44032K, used 7219K [0x0000000780000000, 0x0000000782b00000, 0x00000007aab00000)
  object space 44032K, 16% used [0x0000000780000000,0x000000078070ce08,0x0000000782b00000)
 Metaspace       used 15812K, capacity 16780K, committed 16896K, reserved 1062912K
  class space    used 2338K, capacity 2552K, committed 2560K, reserved 1048576K
Event: 4514.309 GC heap after
Heap after GC invocations=17 (full 0):
 PSYoungGen      total 16384K, used 64K [0x00000007aab00000, 0x00000007ac480000, 0x00000007c0000000)
  eden space 15872K, 0% used [0x00000007aab00000,0x00000007aab00000,0x00000007aba80000)
  from space 512K, 12% used [0x00000007aba80000,0x00000007aba90000,0x00000007abb00000)
  to   space 5120K, 0% used [0x00000007abf80000,0x00000007abf80000,0x00000007ac480000)
 ParOldGen       total 44032K, used 7219K [0x0000000780000000, 0x0000000782b00000, 0x00000007aab00000)
  object space 44032K, 16% used [0x0000000780000000,0x000000078070ce08,0x0000000782b00000)
 Metaspace       used 15812K, capacity 16780K, committed 16896K, reserved 1062912K
  class space    used 2338K, capacity 2552K, committed 2560K, reserved 1048576K
}
Event: 4881.156 GC heap before
{Heap before GC invocations=18 (full 0):
 PSYoungGen      total 16384K, used 15936K [0x00000007aab00000, 0x00000007ac480000, 0x00000007c0000000)
  eden space 15872K, 100% used [0x00000007aab00000,0x00000007aba80000,0x00000007aba80000)
  from space 512K, 12% used [0x00000007aba80000,0x00000007aba90000,0x00000007abb00000)
  to   space 5120K, 0% used [0x00000007abf80000,0x00000007abf80000,0x00000007ac480000)
 ParOldGen       total 44032K, used 7219K [0x0000000780000000, 0x0000000782b00000, 0x00000007aab00000)
  object space 44032K, 16% used [0x0000000780000000,0x000000078070ce08,0x0000000782b00000)
 Metaspace       used 15812K, capacity 16780K, committed 16896K, reserved 1062912K
  class space    used 2338K, capacity 2552K, committed 2560K, reserved 1048576K
Event: 4881.618 GC heap after
Heap after GC invocations=18 (full 0):
 PSYoungGen      total 20992K, used 96K [0x00000007aab00000, 0x00000007ac480000, 0x00000007c0000000)
  eden space 15872K, 0% used [0x00000007aab00000,0x00000007aab00000,0x00000007aba80000)
  from space 5120K, 1% used [0x00000007abf80000,0x00000007abf98000,0x00000007ac480000)
  to   space 5120K, 0% used [0x00000007aba80000,0x00000007aba80000,0x00000007abf80000)
 ParOldGen       total 44032K, used 7219K [0x0000000780000000, 0x0000000782b00000, 0x00000007aab00000)
  object space 44032K, 16% used [0x0000000780000000,0x000000078070ce08,0x0000000782b00000)
 Metaspace       used 15812K, capacity 16780K, committed 16896K, reserved 1062912K
  class space    used 2338K, capacity 2552K, committed 2560K, reserved 1048576K
}
Event: 5153.700 GC heap before
{Heap before GC invocations=19 (full 0):
 PSYoungGen      total 20992K, used 15968K [0x00000007aab00000, 0x00000007ac480000, 0x00000007c0000000)
  eden space 15872K, 100% used [0x00000007aab00000,0x00000007aba80000,0x00000007aba80000)
  from space 5120K, 1% used [0x00000007abf80000,0x00000007abf98000,0x00000007ac480000)
  to   space 5120K, 0% used [0x00000007aba80000,0x00000007aba80000,0x00000007abf80000)
 ParOldGen       total 44032K, used 7219K [0x0000000780000000, 0x0000000782b00000, 0x00000007aab00000)
  object space 44032K, 16% used [0x0000000780000000,0x000000078070ce08,0x0000000782b00000)
 Metaspace       used 15812K, capacity 16780K, committed 16896K, reserved 1062912K
  class space    used 2338K, capacity 2552K, committed 2560K, reserved 1048576K
Event: 5154.284 GC heap after
Heap after GC invocations=19 (full 0):
 PSYoungGen      total 16384K, used 64K [0x00000007aab00000, 0x00000007ac380000, 0x00000007c0000000)
  eden space 15872K, 0% used [0x00000007aab00000,0x00000007aab00000,0x00000007aba80000)
  from space 512K, 12% used [0x00000007aba80000,0x00000007aba90000,0x00000007abb00000)
  to   space 4608K, 0% used [0x00000007abf00000,0x00000007abf00000,0x00000007ac380000)
 ParOldGen       total 44032K, used 7219K [0x0000000780000000, 0x0000000782b00000, 0x00000007aab00000)
  object space 44032K, 16% used [0x0000000780000000,0x000000078070ce08,0x0000000782b00000)
 Metaspace       used 15812K, capacity 16780K, committed 16896K, reserved 1062912K
  class space    used 2338K, capacity 2552K, committed 2560K, reserved 1048576K
}
Event: 5396.467 GC heap before
{Heap before GC invocations=20 (full 0):
 PSYoungGen      total 16384K, used 15936K [0x00000007aab00000, 0x00000007ac380000, 0x00000007c0000000)
  eden space 15872K, 100% used [0x00000007aab00000,0x00000007aba80000,0x00000007aba80000)
  from space 512K, 12% used [0x00000007aba80000,0x00000007aba90000,0x00000007abb00000)
  to   space 4608K, 0% used [0x00000007abf00000,0x00000007abf00000,0x00000007ac380000)
 ParOldGen       total 44032K, used 7219K [0x0000000780000000, 0x0000000782b00000, 0x00000007aab00000)
  object space 44032K, 16% used [0x0000000780000000,0x000000078070ce08,0x0000000782b00000)
 Metaspace       used 15812K, capacity 16780K, committed 16896K, reserved 1062912K
  class space    used 2338K, capacity 2552K, committed 2560K, reserved 1048576K
Event: 5396.851 GC heap after
Heap after GC invocations=20 (full 0):
 PSYoungGen      total 20480K, used 64K [0x00000007aab00000, 0x00000007ac380000, 0x00000007c0000000)
  eden space 15872K, 0% used [0x00000007aab00000,0x00000007aab00000,0x00000007aba80000)
  from space 4608K, 1% used [0x00000007abf00000,0x00000007abf10000,0x00000007ac380000)
  to   space 4608K, 0% used [0x00000007aba80000,0x00000007aba80000,0x00000007abf00000)
 ParOldGen       total 44032K, used 7219K [0x0000000780000000, 0x0000000782b00000, 0x00000007aab00000)
  object space 44032K, 16% used [0x0000000780000000,0x000000078070ce08,0x0000000782b00000)
 Metaspace       used 15812K, capacity 16780K, committed 16896K, reserved 1062912K
  class space    used 2338K, capacity 2552K, committed 2560K, reserved 1048576K
}

